SyntaxError: Unexpected identifier
    at exports.runInThisContext (vm.js:53:16)
    at Module._compile (module.js:414:25)
    at Object.Module._extensions..js (module.js:442:10)
    at Module.load (module.js:356:32)
    at Function.Module._load (module.js:311:12)
    at Function._load (/usr/lib/node_modules/pm2/node_modules/pmx/lib/transaction.js:62:21)
    at Module.require (module.js:366:17)
    at require (module.js:385:17)
    at Object.<anonymous> (/home/blog/models/index.js:2:16)
    at Module._compile (module.js:435:26)
    at Object.Module._extensions..js (module.js:442:10)
    at Module.load (module.js:356:32)
    at Function.Module._load (module.js:311:12)
    at Function._load (/usr/lib/node_modules/pm2/node_modules/pmx/lib/transaction.js:62:21)
    at Module.require (module.js:366:17)
    at require (module.js:385:17)
SyntaxError: Unexpected identifier
    at exports.runInThisContext (vm.js:53:16)
    at Module._compile (module.js:414:25)
    at Object.Module._extensions..js (module.js:442:10)
    at Module.load (module.js:356:32)
    at Function.Module._load (module.js:311:12)
    at Function._load (/usr/lib/node_modules/pm2/node_modules/pmx/lib/transaction.js:62:21)
    at Module.require (module.js:366:17)
    at require (module.js:385:17)
    at Object.<anonymous> (/home/blog/models/index.js:2:16)
    at Module._compile (module.js:435:26)
    at Object.Module._extensions..js (module.js:442:10)
    at Module.load (module.js:356:32)
    at Function.Module._load (module.js:311:12)
    at Function._load (/usr/lib/node_modules/pm2/node_modules/pmx/lib/transaction.js:62:21)
    at Module.require (module.js:366:17)
    at require (module.js:385:17)
SyntaxError: Unexpected identifier
    at exports.runInThisContext (vm.js:53:16)
    at Module._compile (module.js:414:25)
    at Object.Module._extensions..js (module.js:442:10)
    at Module.load (module.js:356:32)
    at Function.Module._load (module.js:311:12)
    at Function._load (/usr/lib/node_modules/pm2/node_modules/pmx/lib/transaction.js:62:21)
    at Module.require (module.js:366:17)
    at require (module.js:385:17)
    at Object.<anonymous> (/home/blog/models/index.js:2:16)
    at Module._compile (module.js:435:26)
    at Object.Module._extensions..js (module.js:442:10)
    at Module.load (module.js:356:32)
    at Function.Module._load (module.js:311:12)
    at Function._load (/usr/lib/node_modules/pm2/node_modules/pmx/lib/transaction.js:62:21)
    at Module.require (module.js:366:17)
    at require (module.js:385:17)
SyntaxError: Unexpected identifier
    at exports.runInThisContext (vm.js:53:16)
    at Module._compile (module.js:414:25)
    at Object.Module._extensions..js (module.js:442:10)
    at Module.load (module.js:356:32)
    at Function.Module._load (module.js:311:12)
    at Function._load (/usr/lib/node_modules/pm2/node_modules/pmx/lib/transaction.js:62:21)
    at Module.require (module.js:366:17)
    at require (module.js:385:17)
    at Object.<anonymous> (/home/blog/models/index.js:2:16)
    at Module._compile (module.js:435:26)
    at Object.Module._extensions..js (module.js:442:10)
    at Module.load (module.js:356:32)
    at Function.Module._load (module.js:311:12)
    at Function._load (/usr/lib/node_modules/pm2/node_modules/pmx/lib/transaction.js:62:21)
    at Module.require (module.js:366:17)
    at require (module.js:385:17)
SyntaxError: Unexpected identifier
    at exports.runInThisContext (vm.js:53:16)
    at Module._compile (module.js:414:25)
    at Object.Module._extensions..js (module.js:442:10)
    at Module.load (module.js:356:32)
    at Function.Module._load (module.js:311:12)
    at Function._load (/usr/lib/node_modules/pm2/node_modules/pmx/lib/transaction.js:62:21)
    at Module.require (module.js:366:17)
    at require (module.js:385:17)
    at Object.<anonymous> (/home/blog/models/index.js:2:16)
    at Module._compile (module.js:435:26)
    at Object.Module._extensions..js (module.js:442:10)
    at Module.load (module.js:356:32)
    at Function.Module._load (module.js:311:12)
    at Function._load (/usr/lib/node_modules/pm2/node_modules/pmx/lib/transaction.js:62:21)
    at Module.require (module.js:366:17)
    at require (module.js:385:17)
SyntaxError: Unexpected identifier
    at exports.runInThisContext (vm.js:53:16)
    at Module._compile (module.js:414:25)
    at Object.Module._extensions..js (module.js:442:10)
    at Module.load (module.js:356:32)
    at Function.Module._load (module.js:311:12)
    at Function._load (/usr/lib/node_modules/pm2/node_modules/pmx/lib/transaction.js:62:21)
    at Module.require (module.js:366:17)
    at require (module.js:385:17)
    at Object.<anonymous> (/home/blog/models/index.js:2:16)
    at Module._compile (module.js:435:26)
    at Object.Module._extensions..js (module.js:442:10)
    at Module.load (module.js:356:32)
    at Function.Module._load (module.js:311:12)
    at Function._load (/usr/lib/node_modules/pm2/node_modules/pmx/lib/transaction.js:62:21)
    at Module.require (module.js:366:17)
    at require (module.js:385:17)
SyntaxError: Unexpected identifier
    at exports.runInThisContext (vm.js:53:16)
    at Module._compile (module.js:414:25)
    at Object.Module._extensions..js (module.js:442:10)
    at Module.load (module.js:356:32)
    at Function.Module._load (module.js:311:12)
    at Function._load (/usr/lib/node_modules/pm2/node_modules/pmx/lib/transaction.js:62:21)
    at Module.require (module.js:366:17)
    at require (module.js:385:17)
    at Object.<anonymous> (/home/blog/models/index.js:2:16)
    at Module._compile (module.js:435:26)
    at Object.Module._extensions..js (module.js:442:10)
    at Module.load (module.js:356:32)
    at Function.Module._load (module.js:311:12)
    at Function._load (/usr/lib/node_modules/pm2/node_modules/pmx/lib/transaction.js:62:21)
    at Module.require (module.js:366:17)
    at require (module.js:385:17)
SyntaxError: Unexpected identifier
    at exports.runInThisContext (vm.js:53:16)
    at Module._compile (module.js:414:25)
    at Object.Module._extensions..js (module.js:442:10)
    at Module.load (module.js:356:32)
    at Function.Module._load (module.js:311:12)
    at Function._load (/usr/lib/node_modules/pm2/node_modules/pmx/lib/transaction.js:62:21)
    at Module.require (module.js:366:17)
    at require (module.js:385:17)
    at Object.<anonymous> (/home/blog/models/index.js:2:16)
    at Module._compile (module.js:435:26)
    at Object.Module._extensions..js (module.js:442:10)
    at Module.load (module.js:356:32)
    at Function.Module._load (module.js:311:12)
    at Function._load (/usr/lib/node_modules/pm2/node_modules/pmx/lib/transaction.js:62:21)
    at Module.require (module.js:366:17)
    at require (module.js:385:17)
SyntaxError: Unexpected identifier
    at exports.runInThisContext (vm.js:53:16)
    at Module._compile (module.js:414:25)
    at Object.Module._extensions..js (module.js:442:10)
    at Module.load (module.js:356:32)
    at Function.Module._load (module.js:311:12)
    at Function._load (/usr/lib/node_modules/pm2/node_modules/pmx/lib/transaction.js:62:21)
    at Module.require (module.js:366:17)
    at require (module.js:385:17)
    at Object.<anonymous> (/home/blog/models/index.js:2:16)
    at Module._compile (module.js:435:26)
    at Object.Module._extensions..js (module.js:442:10)
    at Module.load (module.js:356:32)
    at Function.Module._load (module.js:311:12)
    at Function._load (/usr/lib/node_modules/pm2/node_modules/pmx/lib/transaction.js:62:21)
    at Module.require (module.js:366:17)
    at require (module.js:385:17)
SyntaxError: Unexpected identifier
    at exports.runInThisContext (vm.js:53:16)
    at Module._compile (module.js:414:25)
    at Object.Module._extensions..js (module.js:442:10)
    at Module.load (module.js:356:32)
    at Function.Module._load (module.js:311:12)
    at Function._load (/usr/lib/node_modules/pm2/node_modules/pmx/lib/transaction.js:62:21)
    at Module.require (module.js:366:17)
    at require (module.js:385:17)
    at Object.<anonymous> (/home/blog/models/index.js:2:16)
    at Module._compile (module.js:435:26)
    at Object.Module._extensions..js (module.js:442:10)
    at Module.load (module.js:356:32)
    at Function.Module._load (module.js:311:12)
    at Function._load (/usr/lib/node_modules/pm2/node_modules/pmx/lib/transaction.js:62:21)
    at Module.require (module.js:366:17)
    at require (module.js:385:17)
SyntaxError: Unexpected identifier
    at exports.runInThisContext (vm.js:53:16)
    at Module._compile (module.js:414:25)
    at Object.Module._extensions..js (module.js:442:10)
    at Module.load (module.js:356:32)
    at Function.Module._load (module.js:311:12)
    at Function._load (/usr/lib/node_modules/pm2/node_modules/pmx/lib/transaction.js:62:21)
    at Module.require (module.js:366:17)
    at require (module.js:385:17)
    at Object.<anonymous> (/home/blog/models/index.js:2:16)
    at Module._compile (module.js:435:26)
    at Object.Module._extensions..js (module.js:442:10)
    at Module.load (module.js:356:32)
    at Function.Module._load (module.js:311:12)
    at Function._load (/usr/lib/node_modules/pm2/node_modules/pmx/lib/transaction.js:62:21)
    at Module.require (module.js:366:17)
    at require (module.js:385:17)
SyntaxError: Unexpected identifier
    at exports.runInThisContext (vm.js:53:16)
    at Module._compile (module.js:414:25)
    at Object.Module._extensions..js (module.js:442:10)
    at Module.load (module.js:356:32)
    at Function.Module._load (module.js:311:12)
    at Function._load (/usr/lib/node_modules/pm2/node_modules/pmx/lib/transaction.js:62:21)
    at Module.require (module.js:366:17)
    at require (module.js:385:17)
    at Object.<anonymous> (/home/blog/models/index.js:2:16)
    at Module._compile (module.js:435:26)
    at Object.Module._extensions..js (module.js:442:10)
    at Module.load (module.js:356:32)
    at Function.Module._load (module.js:311:12)
    at Function._load (/usr/lib/node_modules/pm2/node_modules/pmx/lib/transaction.js:62:21)
    at Module.require (module.js:366:17)
    at require (module.js:385:17)
SyntaxError: Unexpected identifier
    at exports.runInThisContext (vm.js:53:16)
    at Module._compile (module.js:414:25)
    at Object.Module._extensions..js (module.js:442:10)
    at Module.load (module.js:356:32)
    at Function.Module._load (module.js:311:12)
    at Function._load (/usr/lib/node_modules/pm2/node_modules/pmx/lib/transaction.js:62:21)
    at Module.require (module.js:366:17)
    at require (module.js:385:17)
    at Object.<anonymous> (/home/blog/models/index.js:2:16)
    at Module._compile (module.js:435:26)
    at Object.Module._extensions..js (module.js:442:10)
    at Module.load (module.js:356:32)
    at Function.Module._load (module.js:311:12)
    at Function._load (/usr/lib/node_modules/pm2/node_modules/pmx/lib/transaction.js:62:21)
    at Module.require (module.js:366:17)
    at require (module.js:385:17)
SyntaxError: Unexpected identifier
    at exports.runInThisContext (vm.js:53:16)
    at Module._compile (module.js:414:25)
    at Object.Module._extensions..js (module.js:442:10)
    at Module.load (module.js:356:32)
    at Function.Module._load (module.js:311:12)
    at Function._load (/usr/lib/node_modules/pm2/node_modules/pmx/lib/transaction.js:62:21)
    at Module.require (module.js:366:17)
    at require (module.js:385:17)
    at Object.<anonymous> (/home/blog/models/index.js:2:16)
    at Module._compile (module.js:435:26)
    at Object.Module._extensions..js (module.js:442:10)
    at Module.load (module.js:356:32)
    at Function.Module._load (module.js:311:12)
    at Function._load (/usr/lib/node_modules/pm2/node_modules/pmx/lib/transaction.js:62:21)
    at Module.require (module.js:366:17)
    at require (module.js:385:17)
SyntaxError: Unexpected identifier
    at exports.runInThisContext (vm.js:53:16)
    at Module._compile (module.js:414:25)
    at Object.Module._extensions..js (module.js:442:10)
    at Module.load (module.js:356:32)
    at Function.Module._load (module.js:311:12)
    at Function._load (/usr/lib/node_modules/pm2/node_modules/pmx/lib/transaction.js:62:21)
    at Module.require (module.js:366:17)
    at require (module.js:385:17)
    at Object.<anonymous> (/home/blog/models/index.js:2:16)
    at Module._compile (module.js:435:26)
    at Object.Module._extensions..js (module.js:442:10)
    at Module.load (module.js:356:32)
    at Function.Module._load (module.js:311:12)
    at Function._load (/usr/lib/node_modules/pm2/node_modules/pmx/lib/transaction.js:62:21)
    at Module.require (module.js:366:17)
    at require (module.js:385:17)
